# JRE version: Java(TM) SE Runtime Environment (21.0.1+12) (build 21.0.1+12-LTS-29)
# Java VM: Java HotSpot(TM) 64-Bit Server VM (21.0.1+12-LTS-29, mixed mode, sharing, tiered, compressed oops, compressed class ptrs, g1 gc, windows-amd64)
GC Precious Log:
 CardTable entry size: 512
 Card Set container configuration: InlinePtr #cards 5 size 8 Array Of Cards #cards 12 size 40 Howl #buckets 4 coarsen threshold 1843 Howl Bitmap #cards 512 size 80 coarsen threshold 460 Card regions per heap region 1 cards per card region 2048
 CPUs: 4 total, 4 available
 Memory: 3862M
 Large Page Support: Disabled
 NUMA Support: Disabled
 Compressed Oops: Enabled (32-bit)
 Heap Region Size: 1M
 Heap Min Capacity: 8M
 Heap Initial Capacity: 62M
 Heap Max Capacity: 966M
 Pre-touch: Disabled
 Parallel Workers: 4
 Concurrent Workers: 1
 Concurrent Refinement Workers: 4
 Periodic GC: Disabled
Heap:
 garbage-first heap   total 105472K, used 61952K [0x00000000c3a00000, 0x0000000100000000)
  region size 1024K, 4 young (4096K), 4 survivors (4096K)
 Metaspace       used 71213K, committed 71936K, reserved 1114112K
  class space    used 10063K, committed 10368K, reserved 1048576K
GC Heap History (20 events):
Event: 17.446 GC heap after
{Heap after GC invocations=18 (full 0):
 garbage-first heap   total 66560K, used 29244K [0x00000000c3a00000, 0x0000000100000000)
  region size 1024K, 5 young (5120K), 5 survivors (5120K)
 Metaspace       used 65214K, committed 65920K, reserved 1114112K
  class space    used 9025K, committed 9344K, reserved 1048576K
}
Event: 17.951 GC heap before
{Heap before GC invocations=18 (full 0):
 garbage-first heap   total 66560K, used 56892K [0x00000000c3a00000, 0x0000000100000000)
  region size 1024K, 32 young (32768K), 5 survivors (5120K)
 Metaspace       used 67016K, committed 67712K, reserved 1114112K
  class space    used 9383K, committed 9728K, reserved 1048576K
}
Event: 17.965 GC heap after
{Heap after GC invocations=19 (full 0):
 garbage-first heap   total 66560K, used 29834K [0x00000000c3a00000, 0x0000000100000000)
  region size 1024K, 2 young (2048K), 2 survivors (2048K)
 Metaspace       used 67016K, committed 67712K, reserved 1114112K
  class space    used 9383K, committed 9728K, reserved 1048576K
}
Event: 18.433 GC heap before
{Heap before GC invocations=19 (full 0):
 garbage-first heap   total 66560K, used 58506K [0x00000000c3a00000, 0x0000000100000000)
  region size 1024K, 31 young (31744K), 2 survivors (2048K)
 Metaspace       used 68791K, committed 69440K, reserved 1114112K
  class space    used 9756K, committed 10048K, reserved 1048576K
}
Event: 18.439 GC heap after
{Heap after GC invocations=20 (full 0):
 garbage-first heap   total 66560K, used 31381K [0x00000000c3a00000, 0x0000000100000000)
  region size 1024K, 3 young (3072K), 3 survivors (3072K)
 Metaspace       used 68791K, committed 69440K, reserved 1114112K
  class space    used 9756K, committed 10048K, reserved 1048576K
}
Event: 19.252 GC heap before
{Heap before GC invocations=20 (full 0):
 garbage-first heap   total 66560K, used 58005K [0x00000000c3a00000, 0x0000000100000000)
  region size 1024K, 30 young (30720K), 3 survivors (3072K)
 Metaspace       used 71209K, committed 71936K, reserved 1114112K
  class space    used 10061K, committed 10368K, reserved 1048576K
}
Event: 19.266 GC heap after
{Heap after GC invocations=21 (full 0):
 garbage-first heap   total 66560K, used 34816K [0x00000000c3a00000, 0x0000000100000000)
  region size 1024K, 4 young (4096K), 4 survivors (4096K)
 Metaspace       used 71209K, committed 71936K, reserved 1114112K
  class space    used 10061K, committed 10368K, reserved 1048576K
}
Event: 19.543 GC heap before
{Heap before GC invocations=22 (full 0):
 garbage-first heap   total 66560K, used 58368K [0x00000000c3a00000, 0x0000000100000000)
  region size 1024K, 27 young (27648K), 4 survivors (4096K)
 Metaspace       used 71209K, committed 71936K, reserved 1114112K
  class space    used 10061K, committed 10368K, reserved 1048576K
}
Event: 19.568 GC heap after
{Heap after GC invocations=23 (full 0):
 garbage-first heap   total 71680K, used 43369K [0x00000000c3a00000, 0x0000000100000000)
  region size 1024K, 4 young (4096K), 4 survivors (4096K)
 Metaspace       used 71209K, committed 71936K, reserved 1114112K
  class space    used 10061K, committed 10368K, reserved 1048576K
}
Event: 19.635 GC heap before
{Heap before GC invocations=23 (full 0):
 garbage-first heap   total 71680K, used 59753K [0x00000000c3a00000, 0x0000000100000000)
  region size 1024K, 20 young (20480K), 4 survivors (4096K)
 Metaspace       used 71209K, committed 71936K, reserved 1114112K
  class space    used 10061K, committed 10368K, reserved 1048576K
}
Event: 19.665 GC heap after
{Heap after GC invocations=24 (full 0):
 garbage-first heap   total 105472K, used 50176K [0x00000000c3a00000, 0x0000000100000000)
  region size 1024K, 3 young (3072K), 3 survivors (3072K)
 Metaspace       used 71209K, committed 71936K, reserved 1114112K
  class space    used 10061K, committed 10368K, reserved 1048576K
}
Event: 19.970 GC heap before
{Heap before GC invocations=24 (full 0):
 garbage-first heap   total 105472K, used 86016K [0x00000000c3a00000, 0x0000000100000000)
  region size 1024K, 37 young (37888K), 3 survivors (3072K)
 Metaspace       used 71211K, committed 71936K, reserved 1114112K
  class space    used 10063K, committed 10368K, reserved 1048576K
}
Event: 19.981 GC heap after
{Heap after GC invocations=25 (full 0):
 garbage-first heap   total 105472K, used 55296K [0x00000000c3a00000, 0x0000000100000000)
  region size 1024K, 4 young (4096K), 4 survivors (4096K)
 Metaspace       used 71211K, committed 71936K, reserved 1114112K
  class space    used 10063K, committed 10368K, reserved 1048576K
}
Event: 20.218 GC heap before
{Heap before GC invocations=25 (full 0):
 garbage-first heap   total 105472K, used 87040K [0x00000000c3a00000, 0x0000000100000000)
  region size 1024K, 35 young (35840K), 4 survivors (4096K)
 Metaspace       used 71212K, committed 71936K, reserved 1114112K
  class space    used 10063K, committed 10368K, reserved 1048576K
}
Event: 20.232 GC heap after
{Heap after GC invocations=26 (full 0):
 garbage-first heap   total 105472K, used 59212K [0x00000000c3a00000, 0x0000000100000000)
  region size 1024K, 5 young (5120K), 5 survivors (5120K)
 Metaspace       used 71212K, committed 71936K, reserved 1114112K
  class space    used 10063K, committed 10368K, reserved 1048576K
}
Event: 20.329 GC heap before
{Heap before GC invocations=26 (full 0):
 garbage-first heap   total 105472K, used 89932K [0x00000000c3a00000, 0x0000000100000000)
  region size 1024K, 35 young (35840K), 5 survivors (5120K)
 Metaspace       used 71212K, committed 71936K, reserved 1114112K
  class space    used 10063K, committed 10368K, reserved 1048576K
}
Event: 20.334 GC heap after
{Heap after GC invocations=27 (full 0):
 garbage-first heap   total 105472K, used 55562K [0x00000000c3a00000, 0x0000000100000000)
  region size 1024K, 1 young (1024K), 1 survivors (1024K)
 Metaspace       used 71212K, committed 71936K, reserved 1114112K
  class space    used 10063K, committed 10368K, reserved 1048576K
}
Event: 20.458 GC heap before
{Heap before GC invocations=28 (full 0):
 garbage-first heap   total 105472K, used 81162K [0x00000000c3a00000, 0x0000000100000000)
  region size 1024K, 34 young (34816K), 1 survivors (1024K)
 Metaspace       used 71212K, committed 71936K, reserved 1114112K
  class space    used 10063K, committed 10368K, reserved 1048576K
}
Event: 20.475 GC heap after
{Heap after GC invocations=29 (full 0):
 garbage-first heap   total 105472K, used 61285K [0x00000000c3a00000, 0x0000000100000000)
  region size 1024K, 5 young (5120K), 5 survivors (5120K)
 Metaspace       used 71212K, committed 71936K, reserved 1114112K
  class space    used 10063K, committed 10368K, reserved 1048576K
}
Event: 20.528 GC heap before
{Heap before GC invocations=29 (full 0):
 garbage-first heap   total 105472K, used 87909K [0x00000000c3a00000, 0x0000000100000000)
  region size 1024K, 30 young (30720K), 5 survivors (5120K)
 Metaspace       used 71213K, committed 71936K, reserved 1114112K
  class space    used 10063K, committed 10368K, reserved 1048576K
}

