# JRE version: Java(TM) SE Runtime Environment (21.0.1+12) (build 21.0.1+12-LTS-29)
# Java VM: Java HotSpot(TM) 64-Bit Server VM (21.0.1+12-LTS-29, mixed mode, sharing, tiered, compressed oops, compressed class ptrs, g1 gc, windows-amd64)
GC Precious Log:
 CardTable entry size: 512
 Card Set container configuration: InlinePtr #cards 5 size 8 Array Of Cards #cards 12 size 40 Howl #buckets 4 coarsen threshold 1843 Howl Bitmap #cards 512 size 80 coarsen threshold 460 Card regions per heap region 1 cards per card region 2048
 CPUs: 4 total, 4 available
 Memory: 3862M
 Large Page Support: Disabled
 NUMA Support: Disabled
 Compressed Oops: Enabled (32-bit)
 Heap Region Size: 1M
 Heap Min Capacity: 8M
 Heap Initial Capacity: 62M
 Heap Max Capacity: 966M
 Pre-touch: Disabled
 Parallel Workers: 4
 Concurrent Workers: 1
 Concurrent Refinement Workers: 4
 Periodic GC: Disabled
Heap:
 garbage-first heap   total 209920K, used 103401K [0x00000000c3a00000, 0x0000000100000000)
  region size 1024K, 2 young (2048K), 2 survivors (2048K)
 Metaspace       used 70947K, committed 71616K, reserved 1114112K
  class space    used 9737K, committed 10048K, reserved 1048576K
GC Heap History (20 events):
Event: 13.491 GC heap after
{Heap after GC invocations=25 (full 0):
 garbage-first heap   total 78848K, used 31212K [0x00000000c3a00000, 0x0000000100000000)
  region size 1024K, 2 young (2048K), 2 survivors (2048K)
 Metaspace       used 70910K, committed 71552K, reserved 1114112K
  class space    used 9736K, committed 10048K, reserved 1048576K
}
Event: 13.838 GC heap before
{Heap before GC invocations=25 (full 0):
 garbage-first heap   total 78848K, used 67052K [0x00000000c3a00000, 0x0000000100000000)
  region size 1024K, 37 young (37888K), 2 survivors (2048K)
 Metaspace       used 70911K, committed 71552K, reserved 1114112K
  class space    used 9736K, committed 10048K, reserved 1048576K
}
Event: 13.865 GC heap after
{Heap after GC invocations=26 (full 0):
 garbage-first heap   total 82944K, used 45056K [0x00000000c3a00000, 0x0000000100000000)
  region size 1024K, 5 young (5120K), 5 survivors (5120K)
 Metaspace       used 70911K, committed 71552K, reserved 1114112K
  class space    used 9736K, committed 10048K, reserved 1048576K
}
Event: 14.050 GC heap before
{Heap before GC invocations=27 (full 0):
 garbage-first heap   total 86016K, used 70656K [0x00000000c3a00000, 0x0000000100000000)
  region size 1024K, 29 young (29696K), 5 survivors (5120K)
 Metaspace       used 70912K, committed 71552K, reserved 1114112K
  class space    used 9737K, committed 10048K, reserved 1048576K
}
Event: 14.075 GC heap after
{Heap after GC invocations=28 (full 0):
 garbage-first heap   total 86016K, used 53760K [0x00000000c3a00000, 0x0000000100000000)
  region size 1024K, 4 young (4096K), 4 survivors (4096K)
 Metaspace       used 70912K, committed 71552K, reserved 1114112K
  class space    used 9737K, committed 10048K, reserved 1048576K
}
Event: 14.134 GC heap before
{Heap before GC invocations=28 (full 0):
 garbage-first heap   total 86016K, used 73216K [0x00000000c3a00000, 0x0000000100000000)
  region size 1024K, 23 young (23552K), 4 survivors (4096K)
 Metaspace       used 70913K, committed 71552K, reserved 1114112K
  class space    used 9737K, committed 10048K, reserved 1048576K
}
Event: 14.149 GC heap after
{Heap after GC invocations=29 (full 0):
 garbage-first heap   total 86016K, used 57139K [0x00000000c3a00000, 0x0000000100000000)
  region size 1024K, 3 young (3072K), 3 survivors (3072K)
 Metaspace       used 70913K, committed 71552K, reserved 1114112K
  class space    used 9737K, committed 10048K, reserved 1048576K
}
Event: 14.362 GC heap before
{Heap before GC invocations=29 (full 0):
 garbage-first heap   total 86016K, used 74547K [0x00000000c3a00000, 0x0000000100000000)
  region size 1024K, 20 young (20480K), 3 survivors (3072K)
 Metaspace       used 70913K, committed 71552K, reserved 1114112K
  class space    used 9737K, committed 10048K, reserved 1048576K
}
Event: 14.367 GC heap after
{Heap after GC invocations=30 (full 0):
 garbage-first heap   total 86016K, used 57647K [0x00000000c3a00000, 0x0000000100000000)
  region size 1024K, 1 young (1024K), 1 survivors (1024K)
 Metaspace       used 70913K, committed 71552K, reserved 1114112K
  class space    used 9737K, committed 10048K, reserved 1048576K
}
Event: 14.560 GC heap before
{Heap before GC invocations=31 (full 0):
 garbage-first heap   total 86016K, used 62767K [0x00000000c3a00000, 0x0000000100000000)
  region size 1024K, 19 young (19456K), 1 survivors (1024K)
 Metaspace       used 70927K, committed 71616K, reserved 1114112K
  class space    used 9737K, committed 10048K, reserved 1048576K
}
Event: 14.569 GC heap after
{Heap after GC invocations=32 (full 0):
 garbage-first heap   total 86016K, used 49689K [0x00000000c3a00000, 0x0000000100000000)
  region size 1024K, 3 young (3072K), 3 survivors (3072K)
 Metaspace       used 70927K, committed 71616K, reserved 1114112K
  class space    used 9737K, committed 10048K, reserved 1048576K
}
Event: 14.643 GC heap before
{Heap before GC invocations=32 (full 0):
 garbage-first heap   total 86016K, used 71193K [0x00000000c3a00000, 0x0000000100000000)
  region size 1024K, 24 young (24576K), 3 survivors (3072K)
 Metaspace       used 70930K, committed 71616K, reserved 1114112K
  class space    used 9737K, committed 10048K, reserved 1048576K
}
Event: 14.666 GC heap after
{Heap after GC invocations=33 (full 0):
 garbage-first heap   total 193536K, used 52224K [0x00000000c3a00000, 0x0000000100000000)
  region size 1024K, 3 young (3072K), 3 survivors (3072K)
 Metaspace       used 70930K, committed 71616K, reserved 1114112K
  class space    used 9737K, committed 10048K, reserved 1048576K
}
Event: 14.875 GC heap before
{Heap before GC invocations=33 (full 0):
 garbage-first heap   total 193536K, used 136192K [0x00000000c3a00000, 0x0000000100000000)
  region size 1024K, 84 young (86016K), 3 survivors (3072K)
 Metaspace       used 70930K, committed 71616K, reserved 1114112K
  class space    used 9737K, committed 10048K, reserved 1048576K
}
Event: 14.910 GC heap after
{Heap after GC invocations=34 (full 0):
 garbage-first heap   total 193536K, used 86016K [0x00000000c3a00000, 0x0000000100000000)
  region size 1024K, 11 young (11264K), 11 survivors (11264K)
 Metaspace       used 70930K, committed 71616K, reserved 1114112K
  class space    used 9737K, committed 10048K, reserved 1048576K
}
Event: 14.923 GC heap before
{Heap before GC invocations=34 (full 0):
 garbage-first heap   total 193536K, used 94208K [0x00000000c3a00000, 0x0000000100000000)
  region size 1024K, 20 young (20480K), 11 survivors (11264K)
 Metaspace       used 70930K, committed 71616K, reserved 1114112K
  class space    used 9737K, committed 10048K, reserved 1048576K
}
Event: 14.940 GC heap after
{Heap after GC invocations=35 (full 0):
 garbage-first heap   total 193536K, used 91136K [0x00000000c3a00000, 0x0000000100000000)
  region size 1024K, 4 young (4096K), 4 survivors (4096K)
 Metaspace       used 70930K, committed 71616K, reserved 1114112K
  class space    used 9737K, committed 10048K, reserved 1048576K
}
Event: 15.024 GC heap before
{Heap before GC invocations=35 (full 0):
 garbage-first heap   total 193536K, used 141312K [0x00000000c3a00000, 0x0000000100000000)
  region size 1024K, 51 young (52224K), 4 survivors (4096K)
 Metaspace       used 70932K, committed 71616K, reserved 1114112K
  class space    used 9737K, committed 10048K, reserved 1048576K
}
Event: 15.041 GC heap after
{Heap after GC invocations=36 (full 0):
 garbage-first heap   total 193536K, used 101888K [0x00000000c3a00000, 0x0000000100000000)
  region size 1024K, 7 young (7168K), 7 survivors (7168K)
 Metaspace       used 70932K, committed 71616K, reserved 1114112K
  class space    used 9737K, committed 10048K, reserved 1048576K
}
Event: 15.134 GC heap before
{Heap before GC invocations=36 (full 0):
 garbage-first heap   total 209920K, used 147968K [0x00000000c3a00000, 0x0000000100000000)
  region size 1024K, 53 young (54272K), 7 survivors (7168K)
 Metaspace       used 70947K, committed 71616K, reserved 1114112K
  class space    used 9737K, committed 10048K, reserved 1048576K
}

